                                      1 ;--------------------------------------------------------
                                      2 ; File Created by SDCC : free open source ANSI-C Compiler
                                      3 ; Version 3.5.0 #9253 (Mar 24 2016) (Linux)
                                      4 ; This file was generated Thu May 10 19:39:55 2018
                                      5 ;--------------------------------------------------------
                                      6 	.module stm8_uart_01
                                      7 	.optsdcc -mstm8
                                      8 	
                                      9 ;--------------------------------------------------------
                                     10 ; Public variables in this module
                                     11 ;--------------------------------------------------------
                                     12 	.globl _main
                                     13 	.globl _pin_cfg
                                     14 	.globl _uart_tx_int
                                     15 	.globl _uart_tx_data
                                     16 	.globl _uart_tx_byte
                                     17 	.globl _uart1_cfg
                                     18 	.globl _clk_cfg
                                     19 	.globl _delay_ms
                                     20 	.globl _tim4_cfg
                                     21 	.globl _delay_interrupt
                                     22 	.globl _count
                                     23 ;--------------------------------------------------------
                                     24 ; ram data
                                     25 ;--------------------------------------------------------
                                     26 	.area DATA
      000000                         27 _count::
      000000                         28 	.ds 2
                                     29 ;--------------------------------------------------------
                                     30 ; ram data
                                     31 ;--------------------------------------------------------
                                     32 	.area INITIALIZED
                                     33 ;--------------------------------------------------------
                                     34 ; Stack segment in internal ram 
                                     35 ;--------------------------------------------------------
                                     36 	.area	SSEG
      000000                         37 __start__stack:
      000000                         38 	.ds	1
                                     39 
                                     40 ;--------------------------------------------------------
                                     41 ; absolute external ram data
                                     42 ;--------------------------------------------------------
                                     43 	.area DABS (ABS)
                                     44 ;--------------------------------------------------------
                                     45 ; interrupt vector 
                                     46 ;--------------------------------------------------------
                                     47 	.area HOME
      000000                         48 __interrupt_vect:
      000000 82v00u00u00             49 	int s_GSINIT ;reset
      000004 82 00 00 00             50 	int 0x0000 ;trap
      000008 82 00 00 00             51 	int 0x0000 ;int0
      00000C 82 00 00 00             52 	int 0x0000 ;int1
      000010 82 00 00 00             53 	int 0x0000 ;int2
      000014 82 00 00 00             54 	int 0x0000 ;int3
      000018 82 00 00 00             55 	int 0x0000 ;int4
      00001C 82 00 00 00             56 	int 0x0000 ;int5
      000020 82 00 00 00             57 	int 0x0000 ;int6
      000024 82 00 00 00             58 	int 0x0000 ;int7
      000028 82 00 00 00             59 	int 0x0000 ;int8
      00002C 82 00 00 00             60 	int 0x0000 ;int9
      000030 82 00 00 00             61 	int 0x0000 ;int10
      000034 82 00 00 00             62 	int 0x0000 ;int11
      000038 82 00 00 00             63 	int 0x0000 ;int12
      00003C 82 00 00 00             64 	int 0x0000 ;int13
      000040 82 00 00 00             65 	int 0x0000 ;int14
      000044 82 00 00 00             66 	int 0x0000 ;int15
      000048 82 00 00 00             67 	int 0x0000 ;int16
      00004C 82 00 00 00             68 	int 0x0000 ;int17
      000050 82 00 00 00             69 	int 0x0000 ;int18
      000054 82 00 00 00             70 	int 0x0000 ;int19
      000058 82 00 00 00             71 	int 0x0000 ;int20
      00005C 82 00 00 00             72 	int 0x0000 ;int21
      000060 82 00 00 00             73 	int 0x0000 ;int22
      000064 82v00u00u00             74 	int _delay_interrupt ;int23
      000068 82 00 00 00             75 	int 0x0000 ;int24
      00006C 82 00 00 00             76 	int 0x0000 ;int25
      000070 82 00 00 00             77 	int 0x0000 ;int26
      000074 82 00 00 00             78 	int 0x0000 ;int27
      000078 82 00 00 00             79 	int 0x0000 ;int28
      00007C 82 00 00 00             80 	int 0x0000 ;int29
                                     81 ;--------------------------------------------------------
                                     82 ; global & static initialisations
                                     83 ;--------------------------------------------------------
                                     84 	.area HOME
                                     85 	.area GSINIT
                                     86 	.area GSFINAL
                                     87 	.area GSINIT
      000000                         88 __sdcc_gs_init_startup:
      000000                         89 __sdcc_init_data:
                                     90 ; stm8_genXINIT() start
      000000 AEr00r00         [ 2]   91 	ldw x, #l_DATA
      000003 27 07            [ 1]   92 	jreq	00002$
      000005                         93 00001$:
      000005 72 4FuFFuFF      [ 1]   94 	clr (s_DATA - 1, x)
      000009 5A               [ 2]   95 	decw x
      00000A 26 F9            [ 1]   96 	jrne	00001$
      00000C                         97 00002$:
      00000C AEr00r00         [ 2]   98 	ldw	x, #l_INITIALIZER
      00000F 27 09            [ 1]   99 	jreq	00004$
      000011                        100 00003$:
      000011 D6uFFuFF         [ 1]  101 	ld	a, (s_INITIALIZER - 1, x)
      000014 D7uFFuFF         [ 1]  102 	ld	(s_INITIALIZED - 1, x), a
      000017 5A               [ 2]  103 	decw	x
      000018 26 F7            [ 1]  104 	jrne	00003$
      00001A                        105 00004$:
                                    106 ; stm8_genXINIT() end
                                    107 	.area GSFINAL
      000000 CCr00r80         [ 2]  108 	jp	__sdcc_program_startup
                                    109 ;--------------------------------------------------------
                                    110 ; Home
                                    111 ;--------------------------------------------------------
                                    112 	.area HOME
                                    113 	.area HOME
      000080                        114 __sdcc_program_startup:
      000080 CCr01r31         [ 2]  115 	jp	_main
                                    116 ;	return from main will return to caller
                                    117 ;--------------------------------------------------------
                                    118 ; code
                                    119 ;--------------------------------------------------------
                                    120 	.area CODE
                                    121 ;	../lib/lib1/inc/stm8s_delay.h: 3: extern void delay_interrupt(void) __interrupt(23) //обработчик прерывания функции delay_ms таймера TIM4
                                    122 ;	-----------------------------------------
                                    123 ;	 function delay_interrupt
                                    124 ;	-----------------------------------------
      000000                        125 _delay_interrupt:
                                    126 ;	../lib/lib1/inc/stm8s_delay.h: 5: if(count)
      000000 CEu00u00         [ 2]  127 	ldw	x, _count+0
      000003 27 07            [ 1]  128 	jreq	00102$
                                    129 ;	../lib/lib1/inc/stm8s_delay.h: 6: count--;    //дикримент переменной count
      000005 CEu00u00         [ 2]  130 	ldw	x, _count+0
      000008 5A               [ 2]  131 	decw	x
      000009 CFu00u00         [ 2]  132 	ldw	_count+0, x
      00000C                        133 00102$:
                                    134 ;	../lib/lib1/inc/stm8s_delay.h: 7: TIM4->SR1   = 0x00; ////событие обновления не происходило
      00000C 35 00 53 44      [ 1]  135 	mov	0x5344+0, #0x00
      000010 80               [11]  136 	iret
                                    137 ;	../lib/lib1/inc/stm8s_delay.h: 9: void tim4_cfg() //настройка таймера
                                    138 ;	-----------------------------------------
                                    139 ;	 function tim4_cfg
                                    140 ;	-----------------------------------------
      000011                        141 _tim4_cfg:
                                    142 ;	../lib/lib1/inc/stm8s_delay.h: 11: TIM4->SR1   = 0x1;   //событие обновления не происходило
      000011 35 01 53 44      [ 1]  143 	mov	0x5344+0, #0x01
                                    144 ;	../lib/lib1/inc/stm8s_delay.h: 12: TIM4->IER  |= 1;    // прерывания по обновлению включены
      000015 72 10 53 43      [ 1]  145 	bset	0x5343, #0
                                    146 ;	../lib/lib1/inc/stm8s_delay.h: 13: TIM4->PSCR |= 128; // установка предделителя 128
      000019 72 1E 53 47      [ 1]  147 	bset	0x5347, #7
                                    148 ;	../lib/lib1/inc/stm8s_delay.h: 14: TIM4->ARR  |= 124;    // значение автоперезагрузки
      00001D AE 53 48         [ 2]  149 	ldw	x, #0x5348
      000020 F6               [ 1]  150 	ld	a, (x)
      000021 AA 7C            [ 1]  151 	or	a, #0x7c
      000023 F7               [ 1]  152 	ld	(x), a
      000024 81               [ 4]  153 	ret
                                    154 ;	../lib/lib1/inc/stm8s_delay.h: 16: void delay_ms(uint16_t ms) //функция выдержки времени
                                    155 ;	-----------------------------------------
                                    156 ;	 function delay_ms
                                    157 ;	-----------------------------------------
      000025                        158 _delay_ms:
                                    159 ;	../lib/lib1/inc/stm8s_delay.h: 18: TIM4->CR1  = 0x0;
      000025 35 00 53 40      [ 1]  160 	mov	0x5340+0, #0x00
                                    161 ;	../lib/lib1/inc/stm8s_delay.h: 20: count = ms;
      000029 7B 04            [ 1]  162 	ld	a, (0x04, sp)
      00002B C7u00u01         [ 1]  163 	ld	_count+1, a
      00002E 7B 03            [ 1]  164 	ld	a, (0x03, sp)
      000030 C7u00u00         [ 1]  165 	ld	_count+0, a
                                    166 ;	../lib/lib1/inc/stm8s_delay.h: 21: TIM4->CR1  = 0x1;
      000033 35 01 53 40      [ 1]  167 	mov	0x5340+0, #0x01
                                    168 ;	../lib/lib1/inc/stm8s_delay.h: 22: while(count);
      000037                        169 00101$:
      000037 CEu00u00         [ 2]  170 	ldw	x, _count+0
      00003A 26 FB            [ 1]  171 	jrne	00101$
      00003C 81               [ 4]  172 	ret
                                    173 ;	../lib/lib1/inc/stm8s_uart.h: 3: void clk_cfg()
                                    174 ;	-----------------------------------------
                                    175 ;	 function clk_cfg
                                    176 ;	-----------------------------------------
      00003D                        177 _clk_cfg:
                                    178 ;	../lib/lib1/inc/stm8s_uart.h: 5: CLK->SWR     |= 0xE1;    //выбран основной источник тактиования HSI
      00003D AE 50 C4         [ 2]  179 	ldw	x, #0x50c4
      000040 F6               [ 1]  180 	ld	a, (x)
      000041 AA E1            [ 1]  181 	or	a, #0xe1
      000043 F7               [ 1]  182 	ld	(x), a
                                    183 ;	../lib/lib1/inc/stm8s_uart.h: 6: CLK->CKDIVR  |= 0x0; // коэффициент деления частоты HSI-генератора (2MHz)
      000044 AE 50 C6         [ 2]  184 	ldw	x, #0x50c6
      000047 F6               [ 1]  185 	ld	a, (x)
      000048 AE 50 C6         [ 2]  186 	ldw	x, #0x50c6
      00004B F7               [ 1]  187 	ld	(x), a
                                    188 ;	../lib/lib1/inc/stm8s_uart.h: 7: CLK->PCKENR1 |= 0b00010100; //включение модуля тактиования UART1 & TIM4
      00004C AE 50 C7         [ 2]  189 	ldw	x, #0x50c7
      00004F F6               [ 1]  190 	ld	a, (x)
      000050 AA 14            [ 1]  191 	or	a, #0x14
      000052 F7               [ 1]  192 	ld	(x), a
      000053 81               [ 4]  193 	ret
                                    194 ;	../lib/lib1/inc/stm8s_uart.h: 10: void uart1_cfg()
                                    195 ;	-----------------------------------------
                                    196 ;	 function uart1_cfg
                                    197 ;	-----------------------------------------
      000054                        198 _uart1_cfg:
                                    199 ;	../lib/lib1/inc/stm8s_uart.h: 12: UART1->CR1  |= 0b00000000;   //установка колличества бит передачи 8/9
      000054 AE 52 34         [ 2]  200 	ldw	x, #0x5234
      000057 F6               [ 1]  201 	ld	a, (x)
      000058 AE 52 34         [ 2]  202 	ldw	x, #0x5234
      00005B F7               [ 1]  203 	ld	(x), a
                                    204 ;	../lib/lib1/inc/stm8s_uart.h: 13: UART1->CR2  |= 0b00001000;   //разрешение работы RX & TX
      00005C AE 52 35         [ 2]  205 	ldw	x, #0x5235
      00005F F6               [ 1]  206 	ld	a, (x)
      000060 AA 08            [ 1]  207 	or	a, #0x08
      000062 F7               [ 1]  208 	ld	(x), a
                                    209 ;	../lib/lib1/inc/stm8s_uart.h: 14: UART1->CR3  |= 0b00000000;   //STOP bits 00 - 1 stop bit
      000063 AE 52 36         [ 2]  210 	ldw	x, #0x5236
      000066 F6               [ 1]  211 	ld	a, (x)
      000067 AE 52 36         [ 2]  212 	ldw	x, #0x5236
      00006A F7               [ 1]  213 	ld	(x), a
                                    214 ;	../lib/lib1/inc/stm8s_uart.h: 16: UART1->BRR2 |= 0x0;  //сначало записываем скорость передачи в BRR2! / 
      00006B AE 52 33         [ 2]  215 	ldw	x, #0x5233
      00006E F6               [ 1]  216 	ld	a, (x)
      00006F AE 52 33         [ 2]  217 	ldw	x, #0x5233
      000072 F7               [ 1]  218 	ld	(x), a
                                    219 ;	../lib/lib1/inc/stm8s_uart.h: 17: UART1->BRR1 |= 0x0d;  //записываеться значение только после записи значения в BRR2! /9600
      000073 AE 52 32         [ 2]  220 	ldw	x, #0x5232
      000076 F6               [ 1]  221 	ld	a, (x)
      000077 AA 0D            [ 1]  222 	or	a, #0x0d
      000079 F7               [ 1]  223 	ld	(x), a
      00007A 81               [ 4]  224 	ret
                                    225 ;	../lib/lib1/inc/stm8s_uart.h: 23: void uart_tx_byte(unsigned char c)
                                    226 ;	-----------------------------------------
                                    227 ;	 function uart_tx_byte
                                    228 ;	-----------------------------------------
      00007B                        229 _uart_tx_byte:
                                    230 ;	../lib/lib1/inc/stm8s_uart.h: 25: while(UART1->SR ==(0<<7));
      00007B                        231 00101$:
      00007B AE 52 30         [ 2]  232 	ldw	x, #0x5230
      00007E F6               [ 1]  233 	ld	a, (x)
      00007F 4D               [ 1]  234 	tnz	a
      000080 27 F9            [ 1]  235 	jreq	00101$
                                    236 ;	../lib/lib1/inc/stm8s_uart.h: 26: UART1->DR = c;
      000082 AE 52 31         [ 2]  237 	ldw	x, #0x5231
      000085 7B 03            [ 1]  238 	ld	a, (0x03, sp)
      000087 F7               [ 1]  239 	ld	(x), a
      000088 81               [ 4]  240 	ret
                                    241 ;	../lib/lib1/inc/stm8s_uart.h: 30: void uart_tx_data(unsigned char *s)
                                    242 ;	-----------------------------------------
                                    243 ;	 function uart_tx_data
                                    244 ;	-----------------------------------------
      000089                        245 _uart_tx_data:
                                    246 ;	../lib/lib1/inc/stm8s_uart.h: 32: while(*s != 0) uart_tx_byte(*s++);
      000089 1E 03            [ 2]  247 	ldw	x, (0x03, sp)
      00008B                        248 00101$:
      00008B F6               [ 1]  249 	ld	a, (x)
      00008C 4D               [ 1]  250 	tnz	a
      00008D 27 0A            [ 1]  251 	jreq	00104$
      00008F 5C               [ 2]  252 	incw	x
      000090 89               [ 2]  253 	pushw	x
      000091 88               [ 1]  254 	push	a
      000092 CDr00r7B         [ 4]  255 	call	_uart_tx_byte
      000095 84               [ 1]  256 	pop	a
      000096 85               [ 2]  257 	popw	x
      000097 20 F2            [ 2]  258 	jra	00101$
      000099                        259 00104$:
      000099 81               [ 4]  260 	ret
                                    261 ;	../lib/lib1/inc/stm8s_uart.h: 35: void uart_tx_int(uint16_t c)//    Отправка числа от 0000 до 9999
                                    262 ;	-----------------------------------------
                                    263 ;	 function uart_tx_int
                                    264 ;	-----------------------------------------
      00009A                        265 _uart_tx_int:
      00009A 52 02            [ 2]  266 	sub	sp, #2
                                    267 ;	../lib/lib1/inc/stm8s_uart.h: 38: c=c%100000000;
      00009C 16 05            [ 2]  268 	ldw	y, (0x05, sp)
      00009E 5F               [ 1]  269 	clrw	x
      00009F 4B 00            [ 1]  270 	push	#0x00
      0000A1 4B E1            [ 1]  271 	push	#0xe1
      0000A3 4B F5            [ 1]  272 	push	#0xf5
      0000A5 4B 05            [ 1]  273 	push	#0x05
      0000A7 90 89            [ 2]  274 	pushw	y
      0000A9 89               [ 2]  275 	pushw	x
      0000AA CDr00r00         [ 4]  276 	call	__modslong
      0000AD 5B 08            [ 2]  277 	addw	sp, #8
      0000AF 1F 05            [ 2]  278 	ldw	(0x05, sp), x
                                    279 ;	../lib/lib1/inc/stm8s_uart.h: 39: temp=c/100;
      0000B1 1E 05            [ 2]  280 	ldw	x, (0x05, sp)
      0000B3 90 AE 00 64      [ 2]  281 	ldw	y, #0x0064
      0000B7 65               [ 2]  282 	divw	x, y
                                    283 ;	../lib/lib1/inc/stm8s_uart.h: 40: uart_tx_byte(temp/10+'0');
      0000B8 89               [ 2]  284 	pushw	x
      0000B9 90 AE 00 0A      [ 2]  285 	ldw	y, #0x000a
      0000BD 65               [ 2]  286 	divw	x, y
      0000BE 90 93            [ 1]  287 	ldw	y, x
      0000C0 9F               [ 1]  288 	ld	a, xl
      0000C1 85               [ 2]  289 	popw	x
      0000C2 AB 30            [ 1]  290 	add	a, #0x30
      0000C4 89               [ 2]  291 	pushw	x
      0000C5 88               [ 1]  292 	push	a
      0000C6 CDr00r7B         [ 4]  293 	call	_uart_tx_byte
      0000C9 84               [ 1]  294 	pop	a
      0000CA 85               [ 2]  295 	popw	x
                                    296 ;	../lib/lib1/inc/stm8s_uart.h: 41: uart_tx_byte(temp%10+'0');
      0000CB 90 AE 00 0A      [ 2]  297 	ldw	y, #0x000a
      0000CF 65               [ 2]  298 	divw	x, y
      0000D0 90 9F            [ 1]  299 	ld	a, yl
      0000D2 AB 30            [ 1]  300 	add	a, #0x30
      0000D4 88               [ 1]  301 	push	a
      0000D5 CDr00r7B         [ 4]  302 	call	_uart_tx_byte
      0000D8 84               [ 1]  303 	pop	a
                                    304 ;	../lib/lib1/inc/stm8s_uart.h: 42: temp=c%100;
      0000D9 1E 05            [ 2]  305 	ldw	x, (0x05, sp)
      0000DB 90 AE 00 64      [ 2]  306 	ldw	y, #0x0064
      0000DF 65               [ 2]  307 	divw	x, y
      0000E0 17 01            [ 2]  308 	ldw	(0x01, sp), y
                                    309 ;	../lib/lib1/inc/stm8s_uart.h: 43: uart_tx_byte(temp/10+'0');
      0000E2 1E 01            [ 2]  310 	ldw	x, (0x01, sp)
      0000E4 90 AE 00 0A      [ 2]  311 	ldw	y, #0x000a
      0000E8 65               [ 2]  312 	divw	x, y
      0000E9 9F               [ 1]  313 	ld	a, xl
      0000EA AB 30            [ 1]  314 	add	a, #0x30
      0000EC 88               [ 1]  315 	push	a
      0000ED CDr00r7B         [ 4]  316 	call	_uart_tx_byte
      0000F0 84               [ 1]  317 	pop	a
                                    318 ;	../lib/lib1/inc/stm8s_uart.h: 44: uart_tx_byte(temp%10+'0');
      0000F1 1E 01            [ 2]  319 	ldw	x, (0x01, sp)
      0000F3 90 AE 00 0A      [ 2]  320 	ldw	y, #0x000a
      0000F7 65               [ 2]  321 	divw	x, y
      0000F8 90 9F            [ 1]  322 	ld	a, yl
      0000FA AB 30            [ 1]  323 	add	a, #0x30
      0000FC 88               [ 1]  324 	push	a
      0000FD CDr00r7B         [ 4]  325 	call	_uart_tx_byte
      000100 5B 03            [ 2]  326 	addw	sp, #3
      000102 81               [ 4]  327 	ret
                                    328 ;	./stm8_uart_01.c: 4: void pin_cfg()  //функция настройки GPIO
                                    329 ;	-----------------------------------------
                                    330 ;	 function pin_cfg
                                    331 ;	-----------------------------------------
      000103                        332 _pin_cfg:
                                    333 ;	./stm8_uart_01.c: 6: GPIOB->DDR |= 0b00100000;   //устанавливаем на выход пин 5 порта B
      000103 AE 50 07         [ 2]  334 	ldw	x, #0x5007
      000106 F6               [ 1]  335 	ld	a, (x)
      000107 AA 20            [ 1]  336 	or	a, #0x20
      000109 F7               [ 1]  337 	ld	(x), a
                                    338 ;	./stm8_uart_01.c: 7: GPIOB->CR1 |= 0b00100000;   //устанавливаем подтяжку пин 5 порта B
      00010A AE 50 08         [ 2]  339 	ldw	x, #0x5008
      00010D F6               [ 1]  340 	ld	a, (x)
      00010E AA 20            [ 1]  341 	or	a, #0x20
      000110 F7               [ 1]  342 	ld	(x), a
                                    343 ;	./stm8_uart_01.c: 8: GPIOB->CR2 |= 0b00000000;   //минимальная скорость на выход / без прерывания на вход
      000111 AE 50 09         [ 2]  344 	ldw	x, #0x5009
      000114 F6               [ 1]  345 	ld	a, (x)
      000115 AE 50 09         [ 2]  346 	ldw	x, #0x5009
      000118 F7               [ 1]  347 	ld	(x), a
                                    348 ;	./stm8_uart_01.c: 10: GPIOD->DDR |= 0b00100000;   //устанавливаем на выход пин 5 порта D TX
      000119 AE 50 11         [ 2]  349 	ldw	x, #0x5011
      00011C F6               [ 1]  350 	ld	a, (x)
      00011D AA 20            [ 1]  351 	or	a, #0x20
      00011F F7               [ 1]  352 	ld	(x), a
                                    353 ;	./stm8_uart_01.c: 11: GPIOD->CR1 |= 0b00000000;   //без подтяжки
      000120 AE 50 12         [ 2]  354 	ldw	x, #0x5012
      000123 F6               [ 1]  355 	ld	a, (x)
      000124 AE 50 12         [ 2]  356 	ldw	x, #0x5012
      000127 F7               [ 1]  357 	ld	(x), a
                                    358 ;	./stm8_uart_01.c: 12: GPIOD->CR2 |= 0b00000000;   //без прерывания на вход / минимальная скорость на выход
      000128 AE 50 13         [ 2]  359 	ldw	x, #0x5013
      00012B F6               [ 1]  360 	ld	a, (x)
      00012C AE 50 13         [ 2]  361 	ldw	x, #0x5013
      00012F F7               [ 1]  362 	ld	(x), a
      000130 81               [ 4]  363 	ret
                                    364 ;	./stm8_uart_01.c: 16: int main( void )
                                    365 ;	-----------------------------------------
                                    366 ;	 function main
                                    367 ;	-----------------------------------------
      000131                        368 _main:
                                    369 ;	./stm8_uart_01.c: 18: pin_cfg();
      000131 CDr01r03         [ 4]  370 	call	_pin_cfg
                                    371 ;	./stm8_uart_01.c: 20: clk_cfg();
      000134 CDr00r3D         [ 4]  372 	call	_clk_cfg
                                    373 ;	./stm8_uart_01.c: 22: tim4_cfg();
      000137 CDr00r11         [ 4]  374 	call	_tim4_cfg
                                    375 ;	./stm8_uart_01.c: 24: uart1_cfg();
      00013A CDr00r54         [ 4]  376 	call	_uart1_cfg
                                    377 ;	./stm8_uart_01.c: 26: rim();  //разрешаем глобальное прерывание
      00013D 9A               [ 1]  378 	rim 
      00013E                        379 00105$:
                                    380 ;	./stm8_uart_01.c: 33: GPIOB->ODR ^=0b00100000;  //зажигаем светодиод
      00013E AE 50 05         [ 2]  381 	ldw	x, #0x5005
      000141 F6               [ 1]  382 	ld	a, (x)
      000142 A8 20            [ 1]  383 	xor	a, #0x20
      000144 F7               [ 1]  384 	ld	(x), a
                                    385 ;	./stm8_uart_01.c: 34: delay_ms(5000);   //временная задержка
      000145 4B 88            [ 1]  386 	push	#0x88
      000147 4B 13            [ 1]  387 	push	#0x13
      000149 CDr00r25         [ 4]  388 	call	_delay_ms
      00014C 5B 02            [ 2]  389 	addw	sp, #2
                                    390 ;	./stm8_uart_01.c: 36: if (GPIOB->ODR ==0b00100000)
      00014E AE 50 05         [ 2]  391 	ldw	x, #0x5005
      000151 F6               [ 1]  392 	ld	a, (x)
      000152 A1 20            [ 1]  393 	cp	a, #0x20
      000154 26 0B            [ 1]  394 	jrne	00102$
                                    395 ;	./stm8_uart_01.c: 39: uart_tx_data("on, ");
      000156 AEr01r6D         [ 2]  396 	ldw	x, #___str_0+0
      000159 89               [ 2]  397 	pushw	x
      00015A CDr00r89         [ 4]  398 	call	_uart_tx_data
      00015D 5B 02            [ 2]  399 	addw	sp, #2
      00015F 20 DD            [ 2]  400 	jra	00105$
      000161                        401 00102$:
                                    402 ;	./stm8_uart_01.c: 42: else uart_tx_data("off\r\n");//printf("value: %u\n",adc2);
      000161 AEr01r72         [ 2]  403 	ldw	x, #___str_1+0
      000164 89               [ 2]  404 	pushw	x
      000165 CDr00r89         [ 4]  405 	call	_uart_tx_data
      000168 5B 02            [ 2]  406 	addw	sp, #2
      00016A 20 D2            [ 2]  407 	jra	00105$
      00016C 81               [ 4]  408 	ret
                                    409 	.area CODE
      00016D                        410 ___str_0:
      00016D 6F 6E 2C 20            411 	.ascii "on, "
      000171 00                     412 	.db 0x00
      000172                        413 ___str_1:
      000172 6F 66 66               414 	.ascii "off"
      000175 0D                     415 	.db 0x0D
      000176 0A                     416 	.db 0x0A
      000177 00                     417 	.db 0x00
                                    418 	.area INITIALIZER
                                    419 	.area CABS (ABS)
